<?xml version="1.0" encoding="utf-8"?><testsuites name="pytest tests"><testsuite name="pytest" errors="0" failures="0" skipped="0" tests="9" time="2.367" timestamp="2026-03-10T12:06:50.802450+00:00" hostname="agent-env-fafb50bb-143c-49b3-b68f-dd054570e051"><testcase classname="tests.test_variants.TestProductVariantsGet" name="test_product_with_colors_returns_color_options" time="0.227" /><testcase classname="tests.test_variants.TestProductVariantsGet" name="test_product_with_flavors_returns_flavor_options" time="0.124" /><testcase classname="tests.test_variants.TestProductVariantsGet" name="test_product_with_both_variants" time="0.112" /><testcase classname="tests.test_variants.TestProductVariantsGet" name="test_color_option_images_are_valid_urls" time="0.113" /><testcase classname="tests.test_variants.TestProductVariantsUpdate" name="test_admin_can_add_color_option" time="0.521" /><testcase classname="tests.test_variants.TestProductVariantsUpdate" name="test_admin_can_add_flavor_option" time="0.505" /><testcase classname="tests.test_variants.TestProductVariantsUpdate" name="test_admin_can_remove_color_option" time="0.493" /><testcase classname="tests.test_variants.TestProductListWithVariants" name="test_products_list_includes_variant_flags" time="0.123" /><testcase classname="tests.test_variants.TestProductListWithVariants" name="test_products_list_includes_variant_arrays" time="0.112" /></testsuite></testsuites>