<?xml version="1.0" encoding="utf-8"?><testsuites name="pytest tests"><testsuite name="pytest" errors="0" failures="0" skipped="0" tests="20" time="6.467" timestamp="2026-03-06T16:59:41.086117+00:00" hostname="agent-env-745eefa4-14dd-42b9-9576-19a1b44556c0"><testcase classname="backend.tests.test_auth" name="test_admin_login" time="0.365" /><testcase classname="backend.tests.test_auth" name="test_user_login" time="0.327" /><testcase classname="backend.tests.test_auth" name="test_login_invalid_credentials" time="0.107" /><testcase classname="backend.tests.test_auth" name="test_register_new_user" time="0.338" /><testcase classname="backend.tests.test_auth" name="test_request_otp" time="0.128" /><testcase classname="backend.tests.test_auth" name="test_get_me_authenticated" time="0.443" /><testcase classname="backend.tests.test_auth" name="test_get_me_unauthenticated" time="0.128" /><testcase classname="backend.tests.test_products_orders" name="test_get_all_products" time="0.151" /><testcase classname="backend.tests.test_products_orders" name="test_get_featured_products" time="0.131" /><testcase classname="backend.tests.test_products_orders" name="test_get_bestsellers" time="0.164" /><testcase classname="backend.tests.test_products_orders" name="test_get_single_product" time="0.296" /><testcase classname="backend.tests.test_products_orders" name="test_get_products_by_category" time="0.234" /><testcase classname="backend.tests.test_products_orders" name="test_get_all_categories" time="0.112" /><testcase classname="backend.tests.test_products_orders" name="test_admin_create_product" time="0.580" /><testcase classname="backend.tests.test_products_orders" name="test_admin_create_category" time="0.446" /><testcase classname="backend.tests.test_products_orders" name="test_admin_dashboard_stats" time="0.382" /><testcase classname="backend.tests.test_products_orders" name="test_admin_get_orders" time="0.391" /><testcase classname="backend.tests.test_products_orders" name="test_admin_get_customers" time="0.407" /><testcase classname="backend.tests.test_products_orders" name="test_create_order_authenticated" time="0.615" /><testcase classname="backend.tests.test_products_orders" name="test_wishlist_add_remove" time="0.685" /></testsuite></testsuites>