<?xml version="1.0" encoding="utf-8"?><testsuites name="pytest tests"><testsuite name="pytest" errors="0" failures="0" skipped="0" tests="16" time="3.214" timestamp="2026-03-10T12:51:18.136813+00:00" hostname="agent-env-fafb50bb-143c-49b3-b68f-dd054570e051"><testcase classname="test_variants.TestProductVariantsGet" name="test_product_with_colors_returns_color_options" time="0.216" /><testcase classname="test_variants.TestProductVariantsGet" name="test_product_with_flavors_returns_flavor_options" time="0.111" /><testcase classname="test_variants.TestProductVariantsGet" name="test_product_with_both_variants" time="0.136" /><testcase classname="test_variants.TestProductVariantsGet" name="test_color_option_images_are_valid_urls" time="0.119" /><testcase classname="test_variants.TestProductVariantsGet" name="test_color_has_5_images" time="0.109" /><testcase classname="test_variants.TestVariantCombinations" name="test_product_has_variants_array" time="0.114" /><testcase classname="test_variants.TestVariantCombinations" name="test_variant_has_correct_stock_field" time="0.107" /><testcase classname="test_variants.TestVariantCombinations" name="test_variant_combinations_count_matches_colors_x_flavors" time="0.116" /><testcase classname="test_variants.TestVariantCombinations" name="test_out_of_stock_variant_exists" time="0.109" /><testcase classname="test_variants.TestVariantCombinations" name="test_variant_has_sku" time="0.110" /><testcase classname="test_variants.TestProductVariantsUpdate" name="test_admin_can_add_color_option" time="0.528" /><testcase classname="test_variants.TestProductVariantsUpdate" name="test_admin_can_add_flavor_option" time="0.505" /><testcase classname="test_variants.TestProductVariantsUpdate" name="test_admin_can_update_variant_stock" time="0.517" /><testcase classname="test_variants.TestProductListWithVariants" name="test_products_list_includes_variant_flags" time="0.114" /><testcase classname="test_variants.TestProductListWithVariants" name="test_products_list_includes_variant_arrays" time="0.113" /><testcase classname="test_variants.TestProductListWithVariants" name="test_products_list_includes_variants_array" time="0.128" /></testsuite></testsuites>